This is pdfTeX, Version 3.1415926-1.40.11 (TeX Live 2010/Arch Linux) (format=pdflatex 2011.1.31)  21 MAR 2011 21:39
entering extended mode
 restricted \write18 enabled.
 %&-line parsing enabled.
**progressupdate.tex
(./progressupdate.tex
LaTeX2e <2009/09/24>
Babel <v3.8l> and hyphenation patterns for english, dumylang, nohyphenation, ge
rman-x-2009-06-19, ngerman-x-2009-06-19, afrikaans, ancientgreek, ibycus, arabi
c, armenian, basque, bulgarian, catalan, pinyin, coptic, croatian, czech, danis
h, dutch, ukenglish, usenglishmax, esperanto, estonian, farsi, finnish, french,
 galician, german, ngerman, swissgerman, monogreek, greek, hungarian, icelandic
, assamese, bengali, gujarati, hindi, kannada, malayalam, marathi, oriya, panja
bi, tamil, telugu, indonesian, interlingua, irish, italian, kurmanji, lao, lati
n, latvian, lithuanian, mongolian, mongolianlmc, bokmal, nynorsk, polish, portu
guese, romanian, russian, sanskrit, serbian, slovak, slovenian, spanish, swedis
h, turkish, turkmen, ukrainian, uppersorbian, welsh, loaded.
(/usr/share/texmf-dist/tex/latex/base/article.cls
Document Class: article 2007/10/19 v1.4h Standard LaTeX document class
(/usr/share/texmf-dist/tex/latex/base/size12.clo
File: size12.clo 2007/10/19 v1.4h Standard LaTeX file (size option)
)
\c@part=\count79
\c@section=\count80
\c@subsection=\count81
\c@subsubsection=\count82
\c@paragraph=\count83
\c@subparagraph=\count84
\c@figure=\count85
\c@table=\count86
\abovecaptionskip=\skip41
\belowcaptionskip=\skip42
\bibindent=\dimen102
)
(/usr/share/texmf-dist/tex/latex/geometry/geometry.sty
Package: geometry 2010/09/12 v5.6 Page Geometry

(/usr/share/texmf-dist/tex/latex/graphics/keyval.sty
Package: keyval 1999/03/16 v1.13 key=value parser (DPC)
\KV@toks@=\toks14
)
(/usr/share/texmf-dist/tex/generic/oberdiek/ifpdf.sty
Package: ifpdf 2010/01/28 v2.1 Provides the ifpdf switch (HO)
Package ifpdf Info: pdfTeX in pdf mode detected.
)
(/usr/share/texmf-dist/tex/generic/oberdiek/ifvtex.sty
Package: ifvtex 2010/03/01 v1.5 Switches for detecting VTeX and its modes (HO)
Package ifvtex Info: VTeX not detected.
)
(/usr/share/texmf-dist/tex/generic/ifxetex/ifxetex.sty
Package: ifxetex 2010/09/12 v0.6 Provides ifxetex conditional
)
\Gm@cnth=\count87
\Gm@cntv=\count88
\c@Gm@tempcnt=\count89
\Gm@bindingoffset=\dimen103
\Gm@wd@mp=\dimen104
\Gm@odd@mp=\dimen105
\Gm@even@mp=\dimen106
\Gm@layoutwidth=\dimen107
\Gm@layoutheight=\dimen108
\Gm@layouthoffset=\dimen109
\Gm@layoutvoffset=\dimen110
\Gm@dimlist=\toks15
)
(/usr/share/texmf-dist/tex/generic/babel/babel.sty
Package: babel 2008/07/06 v3.8l The Babel package

(/usr/share/texmf-dist/tex/generic/babel/english.ldf
Language: english 2005/03/30 v3.3o English support from the babel system

(/usr/share/texmf-dist/tex/generic/babel/babel.def
File: babel.def 2008/07/06 v3.8l Babel common definitions
\babel@savecnt=\count90
\U@D=\dimen111
)
\l@canadian = a dialect from \language\l@american 
\l@australian = a dialect from \language\l@british 
\l@newzealand = a dialect from \language\l@british 
))
(/usr/share/texmf-dist/tex/latex/url/url.sty
\Urlmuskip=\muskip10
Package: url 2006/04/12  ver 3.3  Verb mode for urls, etc.
)
(/usr/share/texmf-dist/tex/latex/amsmath/amsmath.sty
Package: amsmath 2000/07/18 v2.13 AMS math features
\@mathmargin=\skip43

For additional information on amsmath, use the `?' option.
(/usr/share/texmf-dist/tex/latex/amsmath/amstext.sty
Package: amstext 2000/06/29 v2.01

(/usr/share/texmf-dist/tex/latex/amsmath/amsgen.sty
File: amsgen.sty 1999/11/30 v2.0
\@emptytoks=\toks16
\ex@=\dimen112
))
(/usr/share/texmf-dist/tex/latex/amsmath/amsbsy.sty
Package: amsbsy 1999/11/29 v1.2d
\pmbraise@=\dimen113
)
(/usr/share/texmf-dist/tex/latex/amsmath/amsopn.sty
Package: amsopn 1999/12/14 v2.01 operator names
)
\inf@bad=\count91
LaTeX Info: Redefining \frac on input line 211.
\uproot@=\count92
\leftroot@=\count93
LaTeX Info: Redefining \overline on input line 307.
\classnum@=\count94
\DOTSCASE@=\count95
LaTeX Info: Redefining \ldots on input line 379.
LaTeX Info: Redefining \dots on input line 382.
LaTeX Info: Redefining \cdots on input line 467.
\Mathstrutbox@=\box26
\strutbox@=\box27
\big@size=\dimen114
LaTeX Font Info:    Redeclaring font encoding OML on input line 567.
LaTeX Font Info:    Redeclaring font encoding OMS on input line 568.
\macc@depth=\count96
\c@MaxMatrixCols=\count97
\dotsspace@=\muskip11
\c@parentequation=\count98
\dspbrk@lvl=\count99
\tag@help=\toks17
\row@=\count100
\column@=\count101
\maxfields@=\count102
\andhelp@=\toks18
\eqnshift@=\dimen115
\alignsep@=\dimen116
\tagshift@=\dimen117
\tagwidth@=\dimen118
\totwidth@=\dimen119
\lineht@=\dimen120
\@envbody=\toks19
\multlinegap=\skip44
\multlinetaggap=\skip45
\mathdisplay@stack=\toks20
LaTeX Info: Redefining \[ on input line 2666.
LaTeX Info: Redefining \] on input line 2667.
)
(/usr/share/texmf-dist/tex/latex/amscls/amsthm.sty
Package: amsthm 2004/08/06 v2.20
\thm@style=\toks21
\thm@bodyfont=\toks22
\thm@headfont=\toks23
\thm@notefont=\toks24
\thm@headpunct=\toks25
\thm@preskip=\skip46
\thm@postskip=\skip47
\thm@headsep=\skip48
\dth@everypar=\toks26
)
(/usr/share/texmf-dist/tex/latex/amsfonts/amsfonts.sty
Package: amsfonts 2009/06/22 v3.00 Basic AMSFonts support
\symAMSa=\mathgroup4
\symAMSb=\mathgroup5
LaTeX Font Info:    Overwriting math alphabet `\mathfrak' in version `bold'
(Font)                  U/euf/m/n --> U/euf/b/n on input line 96.
)
(/usr/share/texmf-dist/tex/latex/algorithms/algorithm.sty
Package: algorithm 2009/08/24 v0.1 Document Style `algorithm' - floating enviro
nment

(/usr/share/texmf-dist/tex/latex/float/float.sty
Package: float 2001/11/08 v1.3d Float enhancements (AL)
\c@float@type=\count103
\float@exts=\toks27
\float@box=\box28
\@float@everytoks=\toks28
\@floatcapt=\box29
)
(/usr/share/texmf-dist/tex/latex/base/ifthen.sty
Package: ifthen 2001/05/26 v1.1c Standard LaTeX ifthen package (DPC)
)
\@float@every@algorithm=\toks29
\c@algorithm=\count104
)
(/usr/share/texmf-dist/tex/latex/algorithms/algorithmic.sty
Package: algorithmic 2009/08/24 v0.1 Document Style `algorithmic'
\c@ALC@unique=\count105
\c@ALC@line=\count106
\c@ALC@rem=\count107
\c@ALC@depth=\count108
\ALC@tlm=\skip49
\algorithmicindent=\skip50
)
(/usr/share/texmf-dist/tex/latex/graphics/color.sty
Package: color 2005/11/14 v1.0j Standard LaTeX Color (DPC)

(/usr/share/texmf-dist/tex/latex/latexconfig/color.cfg
File: color.cfg 2007/01/18 v1.5 color configuration of teTeX/TeXLive
)
Package color Info: Driver file: dvips.def on input line 130.

(/usr/share/texmf-dist/tex/latex/graphics/dvips.def
File: dvips.def 1999/02/16 v3.0i Driver-dependant file (DPC,SPQR)
)
(/usr/share/texmf-dist/tex/latex/graphics/dvipsnam.def
File: dvipsnam.def 1999/02/16 v3.0i Driver-dependant file (DPC,SPQR)
))
(/usr/share/texmf-dist/tex/latex/wrapfig/wrapfig.sty
\wrapoverhang=\dimen121
\WF@size=\dimen122
\c@WF@wrappedlines=\count109
\WF@box=\box30
\WF@everypar=\toks30
Package: wrapfig 2003/01/31  v 3.6
)
(/usr/share/texmf-dist/tex/latex/pgf/frontendlayer/tikz.sty
(/usr/share/texmf-dist/tex/latex/pgf/basiclayer/pgf.sty
(/usr/share/texmf-dist/tex/latex/pgf/utilities/pgfrcs.sty
(/usr/share/texmf-dist/tex/generic/pgf/utilities/pgfutil-common.tex
\pgfutil@everybye=\toks31
)
(/usr/share/texmf-dist/tex/generic/pgf/utilities/pgfutil-latex.def
\pgfutil@abb=\box31

(/usr/share/texmf-dist/tex/latex/ms/everyshi.sty
Package: everyshi 2001/05/15 v3.00 EveryShipout Package (MS)
))
(/usr/share/texmf-dist/tex/generic/pgf/utilities/pgfrcs.code.tex
Package: pgfrcs 2010/10/25 v2.10 (rcs-revision 1.24)
))
Package: pgf 2008/01/15 v2.10 (rcs-revision 1.12)

(/usr/share/texmf-dist/tex/latex/pgf/basiclayer/pgfcore.sty
(/usr/share/texmf-dist/tex/latex/graphics/graphicx.sty
Package: graphicx 1999/02/16 v1.0f Enhanced LaTeX Graphics (DPC,SPQR)

(/usr/share/texmf-dist/tex/latex/graphics/graphics.sty
Package: graphics 2009/02/05 v1.0o Standard LaTeX Graphics (DPC,SPQR)

(/usr/share/texmf-dist/tex/latex/graphics/trig.sty
Package: trig 1999/03/16 v1.09 sin cos tan (DPC)
)
(/usr/share/texmf-dist/tex/latex/latexconfig/graphics.cfg
File: graphics.cfg 2010/04/23 v1.9 graphics configuration of TeX Live
)
Package graphics Info: Driver file: pdftex.def on input line 91.

(/usr/share/texmf-dist/tex/latex/pdftex-def/pdftex.def
File: pdftex.def 2010/11/26 v0.05c Graphics/color for pdfTeX
\Gread@gobject=\count110
))
\Gin@req@height=\dimen123
\Gin@req@width=\dimen124
)
(/usr/share/texmf-dist/tex/latex/pgf/systemlayer/pgfsys.sty
(/usr/share/texmf-dist/tex/generic/pgf/systemlayer/pgfsys.code.tex
Package: pgfsys 2010/06/30 v2.10 (rcs-revision 1.37)

(/usr/share/texmf-dist/tex/generic/pgf/utilities/pgfkeys.code.tex
\pgfkeys@pathtoks=\toks32
\pgfkeys@temptoks=\toks33

(/usr/share/texmf-dist/tex/generic/pgf/utilities/pgfkeysfiltered.code.tex
\pgfkeys@tmptoks=\toks34
))
\pgf@x=\dimen125
\pgf@y=\dimen126
\pgf@xa=\dimen127
\pgf@ya=\dimen128
\pgf@xb=\dimen129
\pgf@yb=\dimen130
\pgf@xc=\dimen131
\pgf@yc=\dimen132
\w@pgf@writea=\write3
\r@pgf@reada=\read1
\c@pgf@counta=\count111
\c@pgf@countb=\count112
\c@pgf@countc=\count113
\c@pgf@countd=\count114

(/usr/share/texmf-dist/tex/generic/pgf/systemlayer/pgf.cfg
File: pgf.cfg 2008/05/14  (rcs-revision 1.7)
)
Package pgfsys Info: Driver file for pgf: pgfsys-pdftex.def on input line 900.

(/usr/share/texmf-dist/tex/generic/pgf/systemlayer/pgfsys-pdftex.def
File: pgfsys-pdftex.def 2009/05/22  (rcs-revision 1.26)

(/usr/share/texmf-dist/tex/generic/pgf/systemlayer/pgfsys-common-pdf.def
File: pgfsys-common-pdf.def 2008/05/19  (rcs-revision 1.10)
)))
(/usr/share/texmf-dist/tex/generic/pgf/systemlayer/pgfsyssoftpath.code.tex
File: pgfsyssoftpath.code.tex 2008/07/18  (rcs-revision 1.7)
\pgfsyssoftpath@smallbuffer@items=\count115
\pgfsyssoftpath@bigbuffer@items=\count116
)
(/usr/share/texmf-dist/tex/generic/pgf/systemlayer/pgfsysprotocol.code.tex
File: pgfsysprotocol.code.tex 2006/10/16  (rcs-revision 1.4)
))
(/usr/share/texmf-dist/tex/latex/xcolor/xcolor.sty
Package: xcolor 2007/01/21 v2.11 LaTeX color extensions (UK)

(/usr/share/texmf-dist/tex/latex/latexconfig/color.cfg
File: color.cfg 2007/01/18 v1.5 color configuration of teTeX/TeXLive
)
Package xcolor Info: Driver file: pdftex.def on input line 225.
LaTeX Info: Redefining \color on input line 702.
Package xcolor Info: Model `cmy' substituted by `cmy0' on input line 1337.
Package xcolor Info: Model `RGB' extended on input line 1353.
Package xcolor Info: Model `HTML' substituted by `rgb' on input line 1355.
Package xcolor Info: Model `Hsb' substituted by `hsb' on input line 1356.
Package xcolor Info: Model `tHsb' substituted by `hsb' on input line 1357.
Package xcolor Info: Model `HSB' substituted by `hsb' on input line 1358.
Package xcolor Info: Model `Gray' substituted by `gray' on input line 1359.
Package xcolor Info: Model `wave' substituted by `hsb' on input line 1360.
)
(/usr/share/texmf-dist/tex/generic/pgf/basiclayer/pgfcore.code.tex
Package: pgfcore 2010/04/11 v2.10 (rcs-revision 1.7)

(/usr/share/texmf-dist/tex/generic/pgf/math/pgfmath.code.tex
(/usr/share/texmf-dist/tex/generic/pgf/math/pgfmathcalc.code.tex
(/usr/share/texmf-dist/tex/generic/pgf/math/pgfmathutil.code.tex)
(/usr/share/texmf-dist/tex/generic/pgf/math/pgfmathparser.code.tex
\pgfmath@dimen=\dimen133
\pgfmath@count=\count117
\pgfmath@box=\box32
\pgfmath@toks=\toks35
\pgfmath@stack@operand=\toks36
\pgfmath@stack@operation=\toks37
)
(/usr/share/texmf-dist/tex/generic/pgf/math/pgfmathfunctions.code.tex
(/usr/share/texmf-dist/tex/generic/pgf/math/pgfmathfunctions.basic.code.tex)
(/usr/share/texmf-dist/tex/generic/pgf/math/pgfmathfunctions.trigonometric.code
.tex)
(/usr/share/texmf-dist/tex/generic/pgf/math/pgfmathfunctions.random.code.tex)
(/usr/share/texmf-dist/tex/generic/pgf/math/pgfmathfunctions.comparison.code.te
x) (/usr/share/texmf-dist/tex/generic/pgf/math/pgfmathfunctions.base.code.tex)
(/usr/share/texmf-dist/tex/generic/pgf/math/pgfmathfunctions.round.code.tex)
(/usr/share/texmf-dist/tex/generic/pgf/math/pgfmathfunctions.misc.code.tex)))
(/usr/share/texmf-dist/tex/generic/pgf/math/pgfmathfloat.code.tex
\c@pgfmathroundto@lastzeros=\count118
))
(/usr/share/texmf-dist/tex/generic/pgf/basiclayer/pgfcorepoints.code.tex
File: pgfcorepoints.code.tex 2010/04/09  (rcs-revision 1.20)
\pgf@picminx=\dimen134
\pgf@picmaxx=\dimen135
\pgf@picminy=\dimen136
\pgf@picmaxy=\dimen137
\pgf@pathminx=\dimen138
\pgf@pathmaxx=\dimen139
\pgf@pathminy=\dimen140
\pgf@pathmaxy=\dimen141
\pgf@xx=\dimen142
\pgf@xy=\dimen143
\pgf@yx=\dimen144
\pgf@yy=\dimen145
\pgf@zx=\dimen146
\pgf@zy=\dimen147
)
(/usr/share/texmf-dist/tex/generic/pgf/basiclayer/pgfcorepathconstruct.code.tex
File: pgfcorepathconstruct.code.tex 2010/08/03  (rcs-revision 1.24)
\pgf@path@lastx=\dimen148
\pgf@path@lasty=\dimen149
) (/usr/share/texmf-dist/tex/generic/pgf/basiclayer/pgfcorepathusage.code.tex
File: pgfcorepathusage.code.tex 2008/04/22  (rcs-revision 1.12)
\pgf@shorten@end@additional=\dimen150
\pgf@shorten@start@additional=\dimen151
)
(/usr/share/texmf-dist/tex/generic/pgf/basiclayer/pgfcorescopes.code.tex
File: pgfcorescopes.code.tex 2010/09/08  (rcs-revision 1.34)
\pgfpic=\box33
\pgf@hbox=\box34
\pgf@layerbox@main=\box35
\pgf@picture@serial@count=\count119
)
(/usr/share/texmf-dist/tex/generic/pgf/basiclayer/pgfcoregraphicstate.code.tex
File: pgfcoregraphicstate.code.tex 2008/04/22  (rcs-revision 1.9)
\pgflinewidth=\dimen152
)
(/usr/share/texmf-dist/tex/generic/pgf/basiclayer/pgfcoretransformations.code.t
ex
File: pgfcoretransformations.code.tex 2009/06/10  (rcs-revision 1.11)
\pgf@pt@x=\dimen153
\pgf@pt@y=\dimen154
\pgf@pt@temp=\dimen155
) (/usr/share/texmf-dist/tex/generic/pgf/basiclayer/pgfcorequick.code.tex
File: pgfcorequick.code.tex 2008/10/09  (rcs-revision 1.3)
)
(/usr/share/texmf-dist/tex/generic/pgf/basiclayer/pgfcoreobjects.code.tex
File: pgfcoreobjects.code.tex 2006/10/11  (rcs-revision 1.2)
)
(/usr/share/texmf-dist/tex/generic/pgf/basiclayer/pgfcorepathprocessing.code.te
x
File: pgfcorepathprocessing.code.tex 2008/10/09  (rcs-revision 1.8)
) (/usr/share/texmf-dist/tex/generic/pgf/basiclayer/pgfcorearrows.code.tex
File: pgfcorearrows.code.tex 2008/04/23  (rcs-revision 1.11)
)
(/usr/share/texmf-dist/tex/generic/pgf/basiclayer/pgfcoreshade.code.tex
File: pgfcoreshade.code.tex 2008/11/23  (rcs-revision 1.13)
\pgf@max=\dimen156
\pgf@sys@shading@range@num=\count120
)
(/usr/share/texmf-dist/tex/generic/pgf/basiclayer/pgfcoreimage.code.tex
File: pgfcoreimage.code.tex 2010/03/25  (rcs-revision 1.16)

(/usr/share/texmf-dist/tex/generic/pgf/basiclayer/pgfcoreexternal.code.tex
File: pgfcoreexternal.code.tex 2010/09/01  (rcs-revision 1.17)
\pgfexternal@startupbox=\box36
))
(/usr/share/texmf-dist/tex/generic/pgf/basiclayer/pgfcorelayers.code.tex
File: pgfcorelayers.code.tex 2010/08/27  (rcs-revision 1.2)
)
(/usr/share/texmf-dist/tex/generic/pgf/basiclayer/pgfcoretransparency.code.tex
File: pgfcoretransparency.code.tex 2008/01/17  (rcs-revision 1.2)
) (/usr/share/texmf-dist/tex/generic/pgf/basiclayer/pgfcorepatterns.code.tex
File: pgfcorepatterns.code.tex 2009/07/02  (rcs-revision 1.3)
)))
(/usr/share/texmf-dist/tex/generic/pgf/modules/pgfmoduleshapes.code.tex
File: pgfmoduleshapes.code.tex 2010/09/09  (rcs-revision 1.13)
\pgfnodeparttextbox=\box37
)
(/usr/share/texmf-dist/tex/generic/pgf/modules/pgfmoduleplot.code.tex
File: pgfmoduleplot.code.tex 2010/10/22  (rcs-revision 1.8)
)
(/usr/share/texmf-dist/tex/latex/pgf/compatibility/pgfcomp-version-0-65.sty
Package: pgfcomp-version-0-65 2007/07/03 v2.10 (rcs-revision 1.7)
\pgf@nodesepstart=\dimen157
\pgf@nodesepend=\dimen158
)
(/usr/share/texmf-dist/tex/latex/pgf/compatibility/pgfcomp-version-1-18.sty
Package: pgfcomp-version-1-18 2007/07/23 v2.10 (rcs-revision 1.1)
))
(/usr/share/texmf-dist/tex/latex/pgf/utilities/pgffor.sty
(/usr/share/texmf-dist/tex/latex/pgf/utilities/pgfkeys.sty
(/usr/share/texmf-dist/tex/generic/pgf/utilities/pgfkeys.code.tex))
(/usr/share/texmf-dist/tex/generic/pgf/utilities/pgffor.code.tex
Package: pgffor 2010/03/23 v2.10 (rcs-revision 1.18)
\pgffor@iter=\dimen159
\pgffor@skip=\dimen160
\pgffor@stack=\toks38
\pgffor@toks=\toks39
))
(/usr/share/texmf-dist/tex/generic/pgf/frontendlayer/tikz/tikz.code.tex
Package: tikz 2010/10/13 v2.10 (rcs-revision 1.76)

(/usr/share/texmf-dist/tex/generic/pgf/libraries/pgflibraryplothandlers.code.te
x
File: pgflibraryplothandlers.code.tex 2010/05/31 v2.10 (rcs-revision 1.15)
\pgf@plot@mark@count=\count121
\pgfplotmarksize=\dimen161
)
\tikz@lastx=\dimen162
\tikz@lasty=\dimen163
\tikz@lastxsaved=\dimen164
\tikz@lastysaved=\dimen165
\tikzleveldistance=\dimen166
\tikzsiblingdistance=\dimen167
\tikz@figbox=\box38
\tikz@tempbox=\box39
\tikztreelevel=\count122
\tikznumberofchildren=\count123
\tikznumberofcurrentchild=\count124
\tikz@fig@count=\count125
 (/usr/share/texmf-dist/tex/generic/pgf/modules/pgfmodulematrix.code.tex
File: pgfmodulematrix.code.tex 2010/08/24  (rcs-revision 1.4)
\pgfmatrixcurrentrow=\count126
\pgfmatrixcurrentcolumn=\count127
\pgf@matrix@numberofcolumns=\count128
)
\tikz@expandcount=\count129

(/usr/share/texmf-dist/tex/generic/pgf/frontendlayer/tikz/libraries/tikzlibrary
topaths.code.tex
File: tikzlibrarytopaths.code.tex 2008/06/17 v2.10 (rcs-revision 1.2)
))) (/usr/share/texmf-dist/tex/latex/tools/tabularx.sty
Package: tabularx 1999/01/07 v2.07 `tabularx' package (DPC)

(/usr/share/texmf-dist/tex/latex/tools/array.sty
Package: array 2008/09/09 v2.4c Tabular extension package (FMi)
\col@sep=\dimen168
\extrarowheight=\dimen169
\NC@list=\toks40
\extratabsurround=\skip51
\backup@length=\skip52
)
\TX@col@width=\dimen170
\TX@old@table=\dimen171
\TX@old@col=\dimen172
\TX@target=\dimen173
\TX@delta=\dimen174
\TX@cols=\count130
\TX@ftn=\toks41
)
(/usr/share/texmf-dist/tex/latex/booktabs/booktabs.sty
Package: booktabs 2005/04/14 v1.61803 publication quality tables
\heavyrulewidth=\dimen175
\lightrulewidth=\dimen176
\cmidrulewidth=\dimen177
\belowrulesep=\dimen178
\belowbottomsep=\dimen179
\aboverulesep=\dimen180
\abovetopsep=\dimen181
\cmidrulesep=\dimen182
\cmidrulekern=\dimen183
\defaultaddspace=\dimen184
\@cmidla=\count131
\@cmidlb=\count132
\@aboverulesep=\dimen185
\@belowrulesep=\dimen186
\@thisruleclass=\count133
\@lastruleclass=\count134
\@thisrulewidth=\dimen187
)
(/usr/share/texmf-dist/tex/latex/colortbl/colortbl.sty
Package: colortbl 2001/02/13 v0.1j Color table columns (DPC)
\everycr=\toks42
\minrowclearance=\skip53
)
(/usr/share/texmf-dist/tex/generic/pgf/frontendlayer/tikz/libraries/tikzlibrary
trees.code.tex
File: tikzlibrarytrees.code.tex 2008/02/24 v2.10 (rcs-revision 1.2)
)
(/usr/share/texmf-dist/tex/generic/pgf/frontendlayer/tikz/libraries/tikzlibrary
positioning.code.tex
File: tikzlibrarypositioning.code.tex 2008/10/06 v2.10 (rcs-revision 1.7)
)
(/usr/share/texmf-dist/tex/generic/pgf/frontendlayer/tikz/libraries/tikzlibrary
calc.code.tex
File: tikzlibrarycalc.code.tex 2009/09/04 v2.10 (rcs-revision 1.6)
)
(/usr/share/texmf-dist/tex/generic/pgf/frontendlayer/tikz/libraries/tikzlibrary
decorations.pathmorphing.code.tex
(/usr/share/texmf-dist/tex/generic/pgf/frontendlayer/tikz/libraries/tikzlibrary
decorations.code.tex
(/usr/share/texmf-dist/tex/generic/pgf/modules/pgfmoduledecorations.code.tex
\pgfdecoratedcompleteddistance=\dimen188
\pgfdecoratedremainingdistance=\dimen189
\pgfdecoratedinputsegmentcompleteddistance=\dimen190
\pgfdecoratedinputsegmentremainingdistance=\dimen191
\pgf@decorate@distancetomove=\dimen192
\pgf@decorate@repeatstate=\count135
\pgfdecorationsegmentamplitude=\dimen193
\pgfdecorationsegmentlength=\dimen194
)
\tikz@lib@dec@box=\box40
)
(/usr/share/texmf-dist/tex/generic/pgf/libraries/decorations/pgflibrarydecorati
ons.pathmorphing.code.tex))
(/usr/share/texmf-dist/tex/generic/pgf/frontendlayer/tikz/libraries/tikzlibrary
fit.code.tex
File: tikzlibraryfit.code.tex 2008/06/21 v2.10 (rcs-revision 1.3)
)
(/usr/share/texmf-dist/tex/generic/pgf/frontendlayer/tikz/libraries/tikzlibrary
backgrounds.code.tex
File: tikzlibrarybackgrounds.code.tex 2010/02/08 v2.10 (rcs-revision 1.2)
\pgf@layerbox@background=\box41
\pgf@layerboxsaved@background=\box42
) (./progressupdate.aux)
\openout1 = `progressupdate.aux'.

LaTeX Font Info:    Checking defaults for OML/cmm/m/it on input line 31.
LaTeX Font Info:    ... okay on input line 31.
LaTeX Font Info:    Checking defaults for T1/cmr/m/n on input line 31.
LaTeX Font Info:    ... okay on input line 31.
LaTeX Font Info:    Checking defaults for OT1/cmr/m/n on input line 31.
LaTeX Font Info:    ... okay on input line 31.
LaTeX Font Info:    Checking defaults for OMS/cmsy/m/n on input line 31.
LaTeX Font Info:    ... okay on input line 31.
LaTeX Font Info:    Checking defaults for OMX/cmex/m/n on input line 31.
LaTeX Font Info:    ... okay on input line 31.
LaTeX Font Info:    Checking defaults for U/cmr/m/n on input line 31.
LaTeX Font Info:    ... okay on input line 31.

*geometry* driver: auto-detecting
*geometry* detected driver: pdftex
*geometry* verbose mode - [ preamble ] result:
* driver: pdftex
* paper: a4paper
* layout: <same size as paper>
* layoutoffset:(h,v)=(0.0pt,0.0pt)
* modes: 
* h-part:(L,W,R)=(72.26999pt, 452.9679pt, 72.26999pt)
* v-part:(T,H,B)=(72.26999pt, 700.50687pt, 72.26999pt)
* \paperwidth=597.50787pt
* \paperheight=845.04684pt
* \textwidth=452.9679pt
* \textheight=700.50687pt
* \oddsidemargin=0.0pt
* \evensidemargin=0.0pt
* \topmargin=-37.0pt
* \headheight=12.0pt
* \headsep=25.0pt
* \topskip=12.0pt
* \footskip=30.0pt
* \marginparwidth=35.0pt
* \marginparsep=10.0pt
* \columnsep=10.0pt
* \skip\footins=10.8pt plus 4.0pt minus 2.0pt
* \hoffset=0.0pt
* \voffset=0.0pt
* \mag=1000
* \@twocolumnfalse
* \@twosidefalse
* \@mparswitchfalse
* \@reversemarginfalse
* (1in=72.27pt=25.4mm, 1cm=28.453pt)

ABD: EveryShipout initializing macros
(/usr/share/texmf-dist/tex/context/base/supp-pdf.mkii
[Loading MPS to PDF converter (version 2006.09.02).]
\scratchcounter=\count136
\scratchdimen=\dimen195
\scratchbox=\box43
\nofMPsegments=\count137
\nofMParguments=\count138
\everyMPshowfont=\toks43
\MPscratchCnt=\count139
\MPscratchDim=\dimen196
\MPnumerator=\count140
\everyMPtoPDFconversion=\toks44
) (/usr/share/texmf-dist/tex/generic/oberdiek/pdftexcmds.sty
Package: pdftexcmds 2010/04/01 v0.9 Utility functions of pdfTeX for LuaTeX (HO)


(/usr/share/texmf-dist/tex/generic/oberdiek/infwarerr.sty
Package: infwarerr 2010/04/08 v1.3 Providing info/warning/message (HO)
)
(/usr/share/texmf-dist/tex/generic/oberdiek/ifluatex.sty
Package: ifluatex 2010/03/01 v1.3 Provides the ifluatex switch (HO)
Package ifluatex Info: LuaTeX not detected.
)
(/usr/share/texmf-dist/tex/generic/oberdiek/ltxcmds.sty
Package: ltxcmds 2010/04/26 v1.7 LaTeX kernel commands for general use (HO)
)
Package pdftexcmds Info: LuaTeX not detected.
Package pdftexcmds Info: \pdf@primitive is available.
Package pdftexcmds Info: \pdf@ifprimitive is available.
)
(/usr/share/texmf-dist/tex/latex/oberdiek/epstopdf-base.sty
Package: epstopdf-base 2010/02/09 v2.5 Base part for package epstopdf

(/usr/share/texmf-dist/tex/latex/oberdiek/grfext.sty
Package: grfext 2007/09/30 v1.0 Managing graphics extensions (HO)
)
(/usr/share/texmf-dist/tex/latex/oberdiek/kvoptions.sty
Package: kvoptions 2010/02/22 v3.7 Keyval support for LaTeX options (HO)

(/usr/share/texmf-dist/tex/generic/oberdiek/kvsetkeys.sty
Package: kvsetkeys 2010/03/01 v1.9 Key value parser (HO)

(/usr/share/texmf-dist/tex/generic/oberdiek/etexcmds.sty
Package: etexcmds 2010/01/28 v1.3 Prefix for e-TeX command names (HO)
Package etexcmds Info: Could not find \expanded.
(etexcmds)             That can mean that you are not using pdfTeX 1.50 or
(etexcmds)             that some package has redefined \expanded.
(etexcmds)             In the latter case, load this package earlier.
)))
Package epstopdf-base Info: Redefining graphics rule for `.eps' on input line 4
18.
Package grfext Info: Graphics extension search list:
(grfext)             [.png,.pdf,.jpg,.mps,.jpeg,.jbig2,.jb2,.PNG,.PDF,.JPG,.JPE
G,.JBIG2,.JB2,.eps]
(grfext)             \AppendGraphicsExtensions on input line 436.

(/usr/share/texmf-dist/tex/latex/latexconfig/epstopdf-sys.cfg
File: epstopdf-sys.cfg 2010/07/13 v1.3 Configuration of (r)epstopdf for TeX Liv
e
))
LaTeX Font Info:    Try loading font information for U+msa on input line 33.

(/usr/share/texmf-dist/tex/latex/amsfonts/umsa.fd
File: umsa.fd 2009/06/22 v3.00 AMS symbols A
)
LaTeX Font Info:    Try loading font information for U+msb on input line 33.

(/usr/share/texmf-dist/tex/latex/amsfonts/umsb.fd
File: umsb.fd 2009/06/22 v3.00 AMS symbols B
)

LaTeX Warning: Citation `Chawathe1994' on page 1 undefined on input line 45.


LaTeX Warning: Citation `Perkowitz1995' on page 1 undefined on input line 45.


LaTeX Warning: Citation `Kushmerick1997' on page 1 undefined on input line 45.


LaTeX Warning: Citation `Freitag1998' on page 1 undefined on input line 45.


LaTeX Warning: Citation `Soderland' on page 1 undefined on input line 45.


LaTeX Warning: Citation `Chang2001' on page 1 undefined on input line 45.


LaTeX Warning: Citation `Crescenzi2002' on page 1 undefined on input line 45.


LaTeX Warning: Citation `Arasu2003' on page 1 undefined on input line 45.

[1

{/var/lib/texmf/fonts/map/pdftex/updmap/pdftex.map}]

LaTeX Warning: Citation `Kayed2006' on page 2 undefined on input line 47.


LaTeX Warning: Citation `Baumgartner2001' on page 2 undefined on input line 47.



LaTeX Warning: Citation `Lee2004' on page 2 undefined on input line 51.


LaTeX Warning: Citation `AikMiang2005' on page 2 undefined on input line 51.


LaTeX Warning: Citation `Gatterbauer2007' on page 2 undefined on input line 51.



LaTeX Warning: Citation `Dalvi2009' on page 2 undefined on input line 53.

(./method.tex
! Undefined control sequence.
l.1 \chapter
            {Method}
The control sequence at the end of the top line
of your error message was never \def'ed. If you have
misspelled it (e.g., `\hobx'), type `I' and the correct
spelling (e.g., `I\hbox'). Otherwise just continue,
and I'll forget about whatever was undefined.

[2] <parcels.png, id=16, 898.35625pt x 668.4975pt>
File: parcels.png Graphic file (type png)
 <use parcels.png>
Overfull \hbox (175.8772pt too wide) in paragraph at lines 19--20
 [][] 
 []

[3] [4 <./parcels.png>] (./lcsexample.tex) [5] (./lcsfigure.tex
Underfull \hbox (badness 10000) in paragraph at lines 105--105
 [][][][] 
 []


Underfull \hbox (badness 1028) in paragraph at lines 109--109
 [][][][] 
 []


Underfull \hbox (badness 10000) in paragraph at lines 111--111
 [][][][] 
 []


Underfull \hbox (badness 10000) in paragraph at lines 114--114
 [][][][] 
 []

) (./machinelearningworkflow.tex [6])
LaTeX Font Info:    Try loading font information for OMS+cmr on input line 91.

(/usr/share/texmf-dist/tex/latex/base/omscmr.fd
File: omscmr.fd 1999/05/25 v2.5h Standard LaTeX font definitions
)
LaTeX Font Info:    Font shape `OMS/cmr/m/n' in size <12> not available
(Font)              Font shape `OMS/cmsy/m/n' tried instead on input line 91.
 (./dectree.tex)) [7]
<selectorexample.png, id=42, 574.145pt x 437.635pt>
File: selectorexample.png Graphic file (type png)
 <use selectorexample.png>
<classifierresults.png, id=43, 585.18625pt x 469.755pt>
File: classifierresults.png Graphic file (type png)

<use classifierresults.png> [8 <./selectorexample.png>]
No file progressupdate.bbl.
[9 <./classifierresults.png>] (./progressupdate.aux)

LaTeX Warning: There were undefined references.


LaTeX Warning: Label(s) may have changed. Rerun to get cross-references right.

 ) 
Here is how much of TeX's memory you used:
 13130 strings out of 493738
 243822 string characters out of 3148797
 308609 words of memory out of 3000000
 16087 multiletter control sequences out of 15000+200000
 13515 words of font info for 52 fonts, out of 3000000 for 9000
 714 hyphenation exceptions out of 8191
 56i,16n,69p,1083b,1769s stack positions out of 5000i,500n,10000p,200000b,50000s
</usr/share/texmf-dist/fonts/type1/public/amsfonts/cm/cmbx12.pfb></usr/share/
texmf-dist/fonts/type1/public/amsfonts/cm/cmcsc10.pfb></usr/share/texmf-dist/fo
nts/type1/public/amsfonts/cm/cmmi12.pfb></usr/share/texmf-dist/fonts/type1/publ
ic/amsfonts/cm/cmmi8.pfb></usr/share/texmf-dist/fonts/type1/public/amsfonts/cm/
cmr10.pfb></usr/share/texmf-dist/fonts/type1/public/amsfonts/cm/cmr12.pfb></usr
/share/texmf-dist/fonts/type1/public/amsfonts/cm/cmr17.pfb></usr/share/texmf-di
st/fonts/type1/public/amsfonts/cm/cmr8.pfb></usr/share/texmf-dist/fonts/type1/p
ublic/amsfonts/cm/cmsy10.pfb></usr/share/texmf-dist/fonts/type1/public/amsfonts
/cm/cmti12.pfb></usr/share/texmf-dist/fonts/type1/public/amsfonts/cm/cmtt12.pfb
>
Output written on progressupdate.pdf (9 pages, 305164 bytes).
PDF statistics:
 88 PDF objects out of 1000 (max. 8388607)
 59 compressed objects within 1 object stream
 0 named destinations out of 1000 (max. 500000)
 28 words of extra memory for PDF output out of 10000 (max. 10000000)

